{"clientId":"1743039552823","endDate":"2023-12-31T00:00:00.000Z","level":"info","message":"Starting Time-Weighted Return calculation","startDate":"2023-01-01T00:00:00.000Z","timestamp":"2025-03-27T01:39:12.880Z"}
{"date":"2023-01-01T00:00:00.000Z","level":"info","message":"Initial portfolio value","timestamp":"2025-03-27T01:39:12.882Z","value":430}
{"cashFlow":5000,"endValue":430,"holdingPeriodReturn":11.627906976744185,"level":"info","message":"Holding period calculation","periodEnd":"2023-01-01T00:00:00.000Z","periodStart":"2023-01-01T00:00:00.000Z","startValue":430,"timestamp":"2025-03-27T01:39:12.883Z"}
{"cashFlow":-775,"endValue":430,"holdingPeriodReturn":-1.802325581395349,"level":"info","message":"Holding period calculation","periodEnd":"2023-02-15T00:00:00.000Z","periodStart":"2023-01-01T00:00:00.000Z","startValue":430,"timestamp":"2025-03-27T01:39:12.883Z"}
{"cashFlow":-855,"endValue":430,"holdingPeriodReturn":-1.9883720930232558,"level":"info","message":"Holding period calculation","periodEnd":"2023-03-01T00:00:00.000Z","periodStart":"2023-02-15T00:00:00.000Z","startValue":430,"timestamp":"2025-03-27T01:39:12.883Z"}
{"cashFlow":330,"endValue":430,"holdingPeriodReturn":0.7674418604651163,"level":"info","message":"Holding period calculation","periodEnd":"2023-06-30T00:00:00.000Z","periodStart":"2023-03-01T00:00:00.000Z","startValue":430,"timestamp":"2025-03-27T01:39:12.883Z"}
{"cashFlow":100,"endValue":430,"holdingPeriodReturn":0.23255813953488372,"level":"info","message":"Holding period calculation","periodEnd":"2023-07-15T00:00:00.000Z","periodStart":"2023-06-30T00:00:00.000Z","startValue":430,"timestamp":"2025-03-27T01:39:12.883Z"}
{"endValue":430,"holdingPeriodReturn":0,"level":"info","message":"Final period calculation","periodEnd":"2023-12-31T00:00:00.000Z","periodStart":"2023-07-15T00:00:00.000Z","startValue":430,"timestamp":"2025-03-27T01:39:12.884Z"}
{"endDate":"2023-12-31T00:00:00.000Z","finalTWR":20.814991027420106,"level":"info","message":"Time-Weighted Return calculation completed","startDate":"2023-01-01T00:00:00.000Z","timestamp":"2025-03-27T01:39:12.884Z"}
{"clientId":"1743039777879","endDate":"2023-12-31T00:00:00.000Z","level":"info","message":"Starting Time-Weighted Return calculation","startDate":"2023-01-01T00:00:00.000Z","timestamp":"2025-03-27T01:42:57.968Z"}
{"date":"2023-01-01T00:00:00.000Z","level":"info","message":"Initial portfolio value","timestamp":"2025-03-27T01:42:57.970Z","value":530}
{"cashFlow":5000,"endValue":530,"holdingPeriodReturn":9.433962264150944,"level":"info","message":"Holding period calculation","periodEnd":"2023-01-01T00:00:00.000Z","periodStart":"2023-01-01T00:00:00.000Z","startValue":530,"timestamp":"2025-03-27T01:42:57.971Z"}
{"cashFlow":-775,"endValue":530,"holdingPeriodReturn":-1.4622641509433962,"level":"info","message":"Holding period calculation","periodEnd":"2023-02-15T00:00:00.000Z","periodStart":"2023-01-01T00:00:00.000Z","startValue":530,"timestamp":"2025-03-27T01:42:57.971Z"}
{"cashFlow":-855,"endValue":530,"holdingPeriodReturn":-1.6132075471698113,"level":"info","message":"Holding period calculation","periodEnd":"2023-03-01T00:00:00.000Z","periodStart":"2023-02-15T00:00:00.000Z","startValue":530,"timestamp":"2025-03-27T01:42:57.971Z"}
{"cashFlow":-1020,"endValue":530,"holdingPeriodReturn":-1.9245283018867925,"level":"info","message":"Holding period calculation","periodEnd":"2023-03-15T00:00:00.000Z","periodStart":"2023-03-01T00:00:00.000Z","startValue":530,"timestamp":"2025-03-27T01:42:57.971Z"}
{"cashFlow":2000,"endValue":530,"holdingPeriodReturn":3.7735849056603774,"level":"info","message":"Holding period calculation","periodEnd":"2023-04-01T00:00:00.000Z","periodStart":"2023-03-15T00:00:00.000Z","startValue":530,"timestamp":"2025-03-27T01:42:57.971Z"}
{"cashFlow":-3000,"endValue":530,"holdingPeriodReturn":-5.660377358490566,"level":"info","message":"Holding period calculation","periodEnd":"2023-05-15T00:00:00.000Z","periodStart":"2023-04-01T00:00:00.000Z","startValue":530,"timestamp":"2025-03-27T01:42:57.971Z"}
{"cashFlow":330,"endValue":530,"holdingPeriodReturn":0.6226415094339622,"level":"info","message":"Holding period calculation","periodEnd":"2023-06-30T00:00:00.000Z","periodStart":"2023-05-15T00:00:00.000Z","startValue":530,"timestamp":"2025-03-27T01:42:57.971Z"}
{"cashFlow":100,"endValue":530,"holdingPeriodReturn":0.18867924528301888,"level":"info","message":"Holding period calculation","periodEnd":"2023-07-15T00:00:00.000Z","periodStart":"2023-06-30T00:00:00.000Z","startValue":530,"timestamp":"2025-03-27T01:42:57.972Z"}
{"cashFlow":1500,"endValue":530,"holdingPeriodReturn":2.830188679245283,"level":"info","message":"Holding period calculation","periodEnd":"2023-08-01T00:00:00.000Z","periodStart":"2023-07-15T00:00:00.000Z","startValue":530,"timestamp":"2025-03-27T01:42:57.972Z"}
{"cashFlow":-2000,"endValue":530,"holdingPeriodReturn":-3.7735849056603774,"level":"info","message":"Holding period calculation","periodEnd":"2023-09-15T00:00:00.000Z","periodStart":"2023-08-01T00:00:00.000Z","startValue":530,"timestamp":"2025-03-27T01:42:57.972Z"}
{"cashFlow":-590,"endValue":530,"holdingPeriodReturn":-1.1132075471698113,"level":"info","message":"Holding period calculation","periodEnd":"2023-10-01T00:00:00.000Z","periodStart":"2023-09-15T00:00:00.000Z","startValue":530,"timestamp":"2025-03-27T01:42:57.972Z"}
{"cashFlow":150,"endValue":530,"holdingPeriodReturn":0.2830188679245283,"level":"info","message":"Holding period calculation","periodEnd":"2023-11-15T00:00:00.000Z","periodStart":"2023-10-01T00:00:00.000Z","startValue":530,"timestamp":"2025-03-27T01:42:57.972Z"}
{"cashFlow":525,"endValue":530,"holdingPeriodReturn":0.9905660377358491,"level":"info","message":"Holding period calculation","periodEnd":"2023-12-15T00:00:00.000Z","periodStart":"2023-11-15T00:00:00.000Z","startValue":530,"timestamp":"2025-03-27T01:42:57.972Z"}
{"endValue":530,"holdingPeriodReturn":0,"level":"info","message":"Final period calculation","periodEnd":"2023-12-31T00:00:00.000Z","periodStart":"2023-12-15T00:00:00.000Z","startValue":530,"timestamp":"2025-03-27T01:42:57.972Z"}
{"endDate":"2023-12-31T00:00:00.000Z","finalTWR":359.38509623607695,"level":"info","message":"Time-Weighted Return calculation completed","startDate":"2023-01-01T00:00:00.000Z","timestamp":"2025-03-27T01:42:57.972Z"}
{"clientId":"1743039823400","endDate":"2023-12-31T00:00:00.000Z","level":"info","message":"Starting Time-Weighted Return calculation","startDate":"2023-01-01T00:00:00.000Z","timestamp":"2025-03-27T01:43:43.512Z"}
{"date":"2023-01-01T00:00:00.000Z","level":"info","message":"Initial portfolio value","timestamp":"2025-03-27T01:43:43.514Z","value":530}
{"cashFlow":5000,"endValue":530,"holdingPeriodReturn":9.433962264150944,"level":"info","message":"Holding period calculation","periodEnd":"2023-01-01T00:00:00.000Z","periodStart":"2023-01-01T00:00:00.000Z","startValue":530,"timestamp":"2025-03-27T01:43:43.514Z"}
{"cashFlow":-775,"endValue":530,"holdingPeriodReturn":-1.4622641509433962,"level":"info","message":"Holding period calculation","periodEnd":"2023-02-15T00:00:00.000Z","periodStart":"2023-01-01T00:00:00.000Z","startValue":530,"timestamp":"2025-03-27T01:43:43.514Z"}
{"cashFlow":-855,"endValue":530,"holdingPeriodReturn":-1.6132075471698113,"level":"info","message":"Holding period calculation","periodEnd":"2023-03-01T00:00:00.000Z","periodStart":"2023-02-15T00:00:00.000Z","startValue":530,"timestamp":"2025-03-27T01:43:43.514Z"}
{"cashFlow":-1020,"endValue":530,"holdingPeriodReturn":-1.9245283018867925,"level":"info","message":"Holding period calculation","periodEnd":"2023-03-15T00:00:00.000Z","periodStart":"2023-03-01T00:00:00.000Z","startValue":530,"timestamp":"2025-03-27T01:43:43.515Z"}
{"cashFlow":2000,"endValue":530,"holdingPeriodReturn":3.7735849056603774,"level":"info","message":"Holding period calculation","periodEnd":"2023-04-01T00:00:00.000Z","periodStart":"2023-03-15T00:00:00.000Z","startValue":530,"timestamp":"2025-03-27T01:43:43.515Z"}
{"cashFlow":-3000,"endValue":530,"holdingPeriodReturn":-5.660377358490566,"level":"info","message":"Holding period calculation","periodEnd":"2023-05-15T00:00:00.000Z","periodStart":"2023-04-01T00:00:00.000Z","startValue":530,"timestamp":"2025-03-27T01:43:43.515Z"}
{"cashFlow":330,"endValue":530,"holdingPeriodReturn":0.6226415094339622,"level":"info","message":"Holding period calculation","periodEnd":"2023-06-30T00:00:00.000Z","periodStart":"2023-05-15T00:00:00.000Z","startValue":530,"timestamp":"2025-03-27T01:43:43.515Z"}
{"cashFlow":100,"endValue":530,"holdingPeriodReturn":0.18867924528301888,"level":"info","message":"Holding period calculation","periodEnd":"2023-07-15T00:00:00.000Z","periodStart":"2023-06-30T00:00:00.000Z","startValue":530,"timestamp":"2025-03-27T01:43:43.515Z"}
{"cashFlow":1500,"endValue":530,"holdingPeriodReturn":2.830188679245283,"level":"info","message":"Holding period calculation","periodEnd":"2023-08-01T00:00:00.000Z","periodStart":"2023-07-15T00:00:00.000Z","startValue":530,"timestamp":"2025-03-27T01:43:43.515Z"}
{"cashFlow":-2000,"endValue":530,"holdingPeriodReturn":-3.7735849056603774,"level":"info","message":"Holding period calculation","periodEnd":"2023-09-15T00:00:00.000Z","periodStart":"2023-08-01T00:00:00.000Z","startValue":530,"timestamp":"2025-03-27T01:43:43.515Z"}
{"cashFlow":-590,"endValue":530,"holdingPeriodReturn":-1.1132075471698113,"level":"info","message":"Holding period calculation","periodEnd":"2023-10-01T00:00:00.000Z","periodStart":"2023-09-15T00:00:00.000Z","startValue":530,"timestamp":"2025-03-27T01:43:43.516Z"}
{"cashFlow":150,"endValue":530,"holdingPeriodReturn":0.2830188679245283,"level":"info","message":"Holding period calculation","periodEnd":"2023-11-15T00:00:00.000Z","periodStart":"2023-10-01T00:00:00.000Z","startValue":530,"timestamp":"2025-03-27T01:43:43.516Z"}
{"cashFlow":525,"endValue":530,"holdingPeriodReturn":0.9905660377358491,"level":"info","message":"Holding period calculation","periodEnd":"2023-12-15T00:00:00.000Z","periodStart":"2023-11-15T00:00:00.000Z","startValue":530,"timestamp":"2025-03-27T01:43:43.516Z"}
{"endValue":530,"holdingPeriodReturn":0,"level":"info","message":"Final period calculation","periodEnd":"2023-12-31T00:00:00.000Z","periodStart":"2023-12-15T00:00:00.000Z","startValue":530,"timestamp":"2025-03-27T01:43:43.516Z"}
{"endDate":"2023-12-31T00:00:00.000Z","finalTWR":359.38509623607695,"level":"info","message":"Time-Weighted Return calculation completed","startDate":"2023-01-01T00:00:00.000Z","timestamp":"2025-03-27T01:43:43.516Z"}
{"clientId":"1743040581333","endDate":"2023-12-31T00:00:00.000Z","level":"info","message":"Starting Time-Weighted Return calculation","startDate":"2023-01-01T00:00:00.000Z","timestamp":"2025-03-27T01:56:21.414Z"}
{"date":"2023-01-01T00:00:00.000Z","level":"info","message":"Initial portfolio value","timestamp":"2025-03-27T01:56:21.459Z","value":null}
{"cashFlow":100000,"endValue":null,"holdingPeriodReturn":null,"level":"info","message":"Holding period calculation","periodEnd":"2023-01-01T00:00:00.000Z","periodStart":"2023-01-01T00:00:00.000Z","startValue":null,"timestamp":"2025-03-27T01:56:21.459Z"}
{"cashFlow":-15000,"endValue":null,"holdingPeriodReturn":null,"level":"info","message":"Holding period calculation","periodEnd":"2023-01-15T00:00:00.000Z","periodStart":"2023-01-01T00:00:00.000Z","startValue":null,"timestamp":"2025-03-27T01:56:21.460Z"}
{"cashFlow":-14000,"endValue":null,"holdingPeriodReturn":null,"level":"info","message":"Holding period calculation","periodEnd":"2023-02-01T00:00:00.000Z","periodStart":"2023-01-15T00:00:00.000Z","startValue":null,"timestamp":"2025-03-27T01:56:21.498Z"}
{"cashFlow":500,"endValue":null,"holdingPeriodReturn":null,"level":"info","message":"Holding period calculation","periodEnd":"2023-03-15T00:00:00.000Z","periodStart":"2023-02-01T00:00:00.000Z","startValue":null,"timestamp":"2025-03-27T01:56:21.499Z"}
{"cashFlow":10000,"endValue":null,"holdingPeriodReturn":null,"level":"info","message":"Holding period calculation","periodEnd":"2023-04-01T00:00:00.000Z","periodStart":"2023-03-15T00:00:00.000Z","startValue":null,"timestamp":"2025-03-27T01:56:21.502Z"}
{"cashFlow":5000,"endValue":null,"holdingPeriodReturn":null,"level":"info","message":"Holding period calculation","periodEnd":"2023-04-01T00:00:00.000Z","periodStart":"2023-04-01T00:00:00.000Z","startValue":null,"timestamp":"2025-03-27T01:56:21.504Z"}
{"cashFlow":3200,"endValue":null,"holdingPeriodReturn":null,"level":"info","message":"Holding period calculation","periodEnd":"2023-06-15T00:00:00.000Z","periodStart":"2023-04-01T00:00:00.000Z","startValue":null,"timestamp":"2025-03-27T01:56:21.504Z"}
{"endValue":null,"holdingPeriodReturn":null,"level":"info","message":"Final period calculation","periodEnd":"2023-12-31T00:00:00.000Z","periodStart":"2023-06-15T00:00:00.000Z","startValue":null,"timestamp":"2025-03-27T01:56:21.504Z"}
{"endDate":"2023-12-31T00:00:00.000Z","finalTWR":null,"level":"info","message":"Time-Weighted Return calculation completed","startDate":"2023-01-01T00:00:00.000Z","timestamp":"2025-03-27T01:56:21.504Z"}
{"clientId":"1743040725181","endDate":"2023-12-31T00:00:00.000Z","level":"info","message":"Starting Time-Weighted Return calculation","startDate":"2023-01-01T00:00:00.000Z","timestamp":"2025-03-27T01:58:45.233Z"}
{"date":"2023-01-01T00:00:00.000Z","level":"info","message":"Initial portfolio value","timestamp":"2025-03-27T01:58:45.233Z","value":null}
{"cashFlow":100000,"endValue":null,"holdingPeriodReturn":null,"level":"info","message":"Holding period calculation","periodEnd":"2023-01-01T00:00:00.000Z","periodStart":"2023-01-01T00:00:00.000Z","startValue":null,"timestamp":"2025-03-27T01:58:45.234Z"}
{"cashFlow":-15000,"endValue":null,"holdingPeriodReturn":null,"level":"info","message":"Holding period calculation","periodEnd":"2023-01-15T00:00:00.000Z","periodStart":"2023-01-01T00:00:00.000Z","startValue":null,"timestamp":"2025-03-27T01:58:45.234Z"}
{"cashFlow":-14000,"endValue":null,"holdingPeriodReturn":null,"level":"info","message":"Holding period calculation","periodEnd":"2023-02-01T00:00:00.000Z","periodStart":"2023-01-15T00:00:00.000Z","startValue":null,"timestamp":"2025-03-27T01:58:45.234Z"}
{"cashFlow":500,"endValue":null,"holdingPeriodReturn":null,"level":"info","message":"Holding period calculation","periodEnd":"2023-03-15T00:00:00.000Z","periodStart":"2023-02-01T00:00:00.000Z","startValue":null,"timestamp":"2025-03-27T01:58:45.234Z"}
{"cashFlow":10000,"endValue":null,"holdingPeriodReturn":null,"level":"info","message":"Holding period calculation","periodEnd":"2023-04-01T00:00:00.000Z","periodStart":"2023-03-15T00:00:00.000Z","startValue":null,"timestamp":"2025-03-27T01:58:45.234Z"}
{"cashFlow":5000,"endValue":null,"holdingPeriodReturn":null,"level":"info","message":"Holding period calculation","periodEnd":"2023-04-01T00:00:00.000Z","periodStart":"2023-04-01T00:00:00.000Z","startValue":null,"timestamp":"2025-03-27T01:58:45.235Z"}
{"cashFlow":3200,"endValue":null,"holdingPeriodReturn":null,"level":"info","message":"Holding period calculation","periodEnd":"2023-06-15T00:00:00.000Z","periodStart":"2023-04-01T00:00:00.000Z","startValue":null,"timestamp":"2025-03-27T01:58:45.235Z"}
{"endValue":null,"holdingPeriodReturn":null,"level":"info","message":"Final period calculation","periodEnd":"2023-12-31T00:00:00.000Z","periodStart":"2023-06-15T00:00:00.000Z","startValue":null,"timestamp":"2025-03-27T01:58:45.235Z"}
{"endDate":"2023-12-31T00:00:00.000Z","finalTWR":null,"level":"info","message":"Time-Weighted Return calculation completed","startDate":"2023-01-01T00:00:00.000Z","timestamp":"2025-03-27T01:58:45.236Z"}
{"clientId":"1743040779724","endDate":"2023-12-31T00:00:00.000Z","level":"info","message":"Starting Time-Weighted Return calculation","startDate":"2023-01-01T00:00:00.000Z","timestamp":"2025-03-27T01:59:39.787Z"}
{"date":"2023-01-01T00:00:00.000Z","level":"info","message":"Initial portfolio value","timestamp":"2025-03-27T01:59:39.788Z","value":null}
{"cashFlow":100000,"endValue":null,"holdingPeriodReturn":null,"level":"info","message":"Holding period calculation","periodEnd":"2023-01-01T00:00:00.000Z","periodStart":"2023-01-01T00:00:00.000Z","startValue":null,"timestamp":"2025-03-27T01:59:39.788Z"}
{"cashFlow":-15000,"endValue":null,"holdingPeriodReturn":null,"level":"info","message":"Holding period calculation","periodEnd":"2023-01-15T00:00:00.000Z","periodStart":"2023-01-01T00:00:00.000Z","startValue":null,"timestamp":"2025-03-27T01:59:39.788Z"}
{"cashFlow":-14000,"endValue":null,"holdingPeriodReturn":null,"level":"info","message":"Holding period calculation","periodEnd":"2023-02-01T00:00:00.000Z","periodStart":"2023-01-15T00:00:00.000Z","startValue":null,"timestamp":"2025-03-27T01:59:39.788Z"}
{"cashFlow":500,"endValue":null,"holdingPeriodReturn":null,"level":"info","message":"Holding period calculation","periodEnd":"2023-03-15T00:00:00.000Z","periodStart":"2023-02-01T00:00:00.000Z","startValue":null,"timestamp":"2025-03-27T01:59:39.788Z"}
{"cashFlow":10000,"endValue":null,"holdingPeriodReturn":null,"level":"info","message":"Holding period calculation","periodEnd":"2023-04-01T00:00:00.000Z","periodStart":"2023-03-15T00:00:00.000Z","startValue":null,"timestamp":"2025-03-27T01:59:39.788Z"}
{"cashFlow":5000,"endValue":null,"holdingPeriodReturn":null,"level":"info","message":"Holding period calculation","periodEnd":"2023-04-01T00:00:00.000Z","periodStart":"2023-04-01T00:00:00.000Z","startValue":null,"timestamp":"2025-03-27T01:59:39.788Z"}
{"cashFlow":3200,"endValue":null,"holdingPeriodReturn":null,"level":"info","message":"Holding period calculation","periodEnd":"2023-06-15T00:00:00.000Z","periodStart":"2023-04-01T00:00:00.000Z","startValue":null,"timestamp":"2025-03-27T01:59:39.788Z"}
{"endValue":null,"holdingPeriodReturn":null,"level":"info","message":"Final period calculation","periodEnd":"2023-12-31T00:00:00.000Z","periodStart":"2023-06-15T00:00:00.000Z","startValue":null,"timestamp":"2025-03-27T01:59:39.788Z"}
{"endDate":"2023-12-31T00:00:00.000Z","finalTWR":null,"level":"info","message":"Time-Weighted Return calculation completed","startDate":"2023-01-01T00:00:00.000Z","timestamp":"2025-03-27T01:59:39.788Z"}
{"clientId":"1743040861959","endDate":"2023-12-31T00:00:00.000Z","level":"info","message":"Starting Time-Weighted Return calculation","startDate":"2023-01-01T00:00:00.000Z","timestamp":"2025-03-27T02:01:02.008Z"}
{"clientId":"1743040990103","endDate":"2023-12-31T00:00:00.000Z","level":"info","message":"Starting Time-Weighted Return calculation","startDate":"2023-01-01T00:00:00.000Z","timestamp":"2025-03-27T02:03:10.183Z"}
{"clientId":"1743041051111","endDate":"2023-12-31T00:00:00.000Z","level":"info","message":"Starting Time-Weighted Return calculation","startDate":"2023-01-01T00:00:00.000Z","timestamp":"2025-03-27T02:04:11.216Z"}
{"date":"2023-01-01T00:00:00.000Z","level":"info","message":"Initial portfolio value","timestamp":"2025-03-27T02:04:11.225Z","value":142500}
{"cashFlow":100000,"endValue":142500,"holdingPeriodReturn":0.7017543859649122,"level":"info","message":"Holding period calculation","periodEnd":"2023-01-01T00:00:00.000Z","periodStart":"2023-01-01T00:00:00.000Z","startValue":142500,"timestamp":"2025-03-27T02:04:11.226Z"}
{"cashFlow":-15000,"endValue":142500,"holdingPeriodReturn":-0.10526315789473684,"level":"info","message":"Holding period calculation","periodEnd":"2023-01-15T00:00:00.000Z","periodStart":"2023-01-01T00:00:00.000Z","startValue":142500,"timestamp":"2025-03-27T02:04:11.227Z"}
{"cashFlow":-14000,"endValue":142500,"holdingPeriodReturn":-0.09824561403508772,"level":"info","message":"Holding period calculation","periodEnd":"2023-02-01T00:00:00.000Z","periodStart":"2023-01-15T00:00:00.000Z","startValue":142500,"timestamp":"2025-03-27T02:04:11.228Z"}
{"cashFlow":500,"endValue":143500,"holdingPeriodReturn":0.010526315789473684,"level":"info","message":"Holding period calculation","periodEnd":"2023-03-15T00:00:00.000Z","periodStart":"2023-02-01T00:00:00.000Z","startValue":142500,"timestamp":"2025-03-27T02:04:11.229Z"}
{"cashFlow":10000,"endValue":129500,"holdingPeriodReturn":-0.027874564459930314,"level":"info","message":"Holding period calculation","periodEnd":"2023-04-01T00:00:00.000Z","periodStart":"2023-03-15T00:00:00.000Z","startValue":143500,"timestamp":"2025-03-27T02:04:11.230Z"}
{"cashFlow":5000,"endValue":129500,"holdingPeriodReturn":0.03861003861003861,"level":"info","message":"Holding period calculation","periodEnd":"2023-04-01T00:00:00.000Z","periodStart":"2023-04-01T00:00:00.000Z","startValue":129500,"timestamp":"2025-03-27T02:04:11.231Z"}
{"cashFlow":5000,"endValue":125250,"holdingPeriodReturn":0.005791505791505791,"level":"info","message":"Holding period calculation","periodEnd":"2023-05-01T00:00:00.000Z","periodStart":"2023-04-01T00:00:00.000Z","startValue":129500,"timestamp":"2025-03-27T02:04:11.232Z"}
{"cashFlow":3200,"endValue":125150,"holdingPeriodReturn":0.02475049900199601,"level":"info","message":"Holding period calculation","periodEnd":"2023-06-15T00:00:00.000Z","periodStart":"2023-05-01T00:00:00.000Z","startValue":125250,"timestamp":"2025-03-27T02:04:11.239Z"}
{"endValue":125000,"holdingPeriodReturn":-0.0011985617259288853,"level":"info","message":"Final period calculation","periodEnd":"2023-12-31T00:00:00.000Z","periodStart":"2023-06-15T00:00:00.000Z","startValue":125150,"timestamp":"2025-03-27T02:04:11.240Z"}
{"endDate":"2023-12-31T00:00:00.000Z","finalTWR":0.4421424931137541,"level":"info","message":"Time-Weighted Return calculation completed","startDate":"2023-01-01T00:00:00.000Z","timestamp":"2025-03-27T02:04:11.240Z"}
{"clientId":"1743041122616","endDate":"2023-12-31T00:00:00.000Z","level":"info","message":"Starting Time-Weighted Return calculation","startDate":"2023-01-01T00:00:00.000Z","timestamp":"2025-03-27T02:05:22.794Z"}
{"date":"2023-01-01T00:00:00.000Z","level":"info","message":"Initial portfolio value","timestamp":"2025-03-27T02:05:22.822Z","value":142500}
{"cashFlow":100000,"endValue":142500,"holdingPeriodReturn":0.7017543859649122,"level":"info","message":"Holding period calculation","periodEnd":"2023-01-01T00:00:00.000Z","periodStart":"2023-01-01T00:00:00.000Z","startValue":142500,"timestamp":"2025-03-27T02:05:22.823Z"}
{"cashFlow":-15000,"endValue":142500,"holdingPeriodReturn":-0.10526315789473684,"level":"info","message":"Holding period calculation","periodEnd":"2023-01-15T00:00:00.000Z","periodStart":"2023-01-01T00:00:00.000Z","startValue":142500,"timestamp":"2025-03-27T02:05:22.825Z"}
{"cashFlow":-14000,"endValue":142500,"holdingPeriodReturn":-0.09824561403508772,"level":"info","message":"Holding period calculation","periodEnd":"2023-02-01T00:00:00.000Z","periodStart":"2023-01-15T00:00:00.000Z","startValue":142500,"timestamp":"2025-03-27T02:05:22.826Z"}
{"cashFlow":500,"endValue":143500,"holdingPeriodReturn":0.010526315789473684,"level":"info","message":"Holding period calculation","periodEnd":"2023-03-15T00:00:00.000Z","periodStart":"2023-02-01T00:00:00.000Z","startValue":142500,"timestamp":"2025-03-27T02:05:22.828Z"}
{"cashFlow":10000,"endValue":129500,"holdingPeriodReturn":-0.027874564459930314,"level":"info","message":"Holding period calculation","periodEnd":"2023-04-01T00:00:00.000Z","periodStart":"2023-03-15T00:00:00.000Z","startValue":143500,"timestamp":"2025-03-27T02:05:22.831Z"}
{"cashFlow":5000,"endValue":129500,"holdingPeriodReturn":0.03861003861003861,"level":"info","message":"Holding period calculation","periodEnd":"2023-04-01T00:00:00.000Z","periodStart":"2023-04-01T00:00:00.000Z","startValue":129500,"timestamp":"2025-03-27T02:05:22.833Z"}
{"cashFlow":5000,"endValue":125250,"holdingPeriodReturn":0.005791505791505791,"level":"info","message":"Holding period calculation","periodEnd":"2023-05-01T00:00:00.000Z","periodStart":"2023-04-01T00:00:00.000Z","startValue":129500,"timestamp":"2025-03-27T02:05:22.835Z"}
{"cashFlow":3200,"endValue":125150,"holdingPeriodReturn":0.02475049900199601,"level":"info","message":"Holding period calculation","periodEnd":"2023-06-15T00:00:00.000Z","periodStart":"2023-05-01T00:00:00.000Z","startValue":125250,"timestamp":"2025-03-27T02:05:22.836Z"}
{"endValue":125000,"holdingPeriodReturn":-0.0011985617259288853,"level":"info","message":"Final period calculation","periodEnd":"2023-12-31T00:00:00.000Z","periodStart":"2023-06-15T00:00:00.000Z","startValue":125150,"timestamp":"2025-03-27T02:05:22.837Z"}
{"endDate":"2023-12-31T00:00:00.000Z","finalTWR":0.4421424931137541,"level":"info","message":"Time-Weighted Return calculation completed","startDate":"2023-01-01T00:00:00.000Z","timestamp":"2025-03-27T02:05:22.838Z"}
{"clientId":"1743041138790","endDate":"2023-12-31T00:00:00.000Z","level":"info","message":"Starting Time-Weighted Return calculation","startDate":"2023-01-01T00:00:00.000Z","timestamp":"2025-03-27T02:05:38.865Z"}
{"date":"2023-01-01T00:00:00.000Z","level":"info","message":"Initial portfolio value","timestamp":"2025-03-27T02:05:38.867Z","value":142500}
{"cashFlow":100000,"endValue":142500,"holdingPeriodReturn":0.7017543859649122,"level":"info","message":"Holding period calculation","periodEnd":"2023-01-01T00:00:00.000Z","periodStart":"2023-01-01T00:00:00.000Z","startValue":142500,"timestamp":"2025-03-27T02:05:38.868Z"}
{"cashFlow":-15000,"endValue":142500,"holdingPeriodReturn":-0.10526315789473684,"level":"info","message":"Holding period calculation","periodEnd":"2023-01-15T00:00:00.000Z","periodStart":"2023-01-01T00:00:00.000Z","startValue":142500,"timestamp":"2025-03-27T02:05:38.870Z"}
{"cashFlow":-14000,"endValue":142500,"holdingPeriodReturn":-0.09824561403508772,"level":"info","message":"Holding period calculation","periodEnd":"2023-02-01T00:00:00.000Z","periodStart":"2023-01-15T00:00:00.000Z","startValue":142500,"timestamp":"2025-03-27T02:05:38.871Z"}
{"cashFlow":500,"endValue":143500,"holdingPeriodReturn":0.010526315789473684,"level":"info","message":"Holding period calculation","periodEnd":"2023-03-15T00:00:00.000Z","periodStart":"2023-02-01T00:00:00.000Z","startValue":142500,"timestamp":"2025-03-27T02:05:38.879Z"}
{"cashFlow":10000,"endValue":129500,"holdingPeriodReturn":-0.027874564459930314,"level":"info","message":"Holding period calculation","periodEnd":"2023-04-01T00:00:00.000Z","periodStart":"2023-03-15T00:00:00.000Z","startValue":143500,"timestamp":"2025-03-27T02:05:38.881Z"}
{"cashFlow":5000,"endValue":129500,"holdingPeriodReturn":0.03861003861003861,"level":"info","message":"Holding period calculation","periodEnd":"2023-04-01T00:00:00.000Z","periodStart":"2023-04-01T00:00:00.000Z","startValue":129500,"timestamp":"2025-03-27T02:05:38.883Z"}
{"cashFlow":5000,"endValue":125250,"holdingPeriodReturn":0.005791505791505791,"level":"info","message":"Holding period calculation","periodEnd":"2023-05-01T00:00:00.000Z","periodStart":"2023-04-01T00:00:00.000Z","startValue":129500,"timestamp":"2025-03-27T02:05:38.884Z"}
{"cashFlow":3200,"endValue":125150,"holdingPeriodReturn":0.02475049900199601,"level":"info","message":"Holding period calculation","periodEnd":"2023-06-15T00:00:00.000Z","periodStart":"2023-05-01T00:00:00.000Z","startValue":125250,"timestamp":"2025-03-27T02:05:38.886Z"}
{"endValue":125000,"holdingPeriodReturn":-0.0011985617259288853,"level":"info","message":"Final period calculation","periodEnd":"2023-12-31T00:00:00.000Z","periodStart":"2023-06-15T00:00:00.000Z","startValue":125150,"timestamp":"2025-03-27T02:05:38.888Z"}
{"endDate":"2023-12-31T00:00:00.000Z","finalTWR":0.4421424931137541,"level":"info","message":"Time-Weighted Return calculation completed","startDate":"2023-01-01T00:00:00.000Z","timestamp":"2025-03-27T02:05:38.890Z"}
{"clientId":"1743041154593","endDate":"2023-12-31T00:00:00.000Z","level":"info","message":"Starting Time-Weighted Return calculation","startDate":"2023-01-01T00:00:00.000Z","timestamp":"2025-03-27T02:05:54.671Z"}
{"date":"2023-01-01T00:00:00.000Z","level":"info","message":"Initial portfolio value","timestamp":"2025-03-27T02:05:54.672Z","value":142500}
{"cashFlow":100000,"endValue":142500,"holdingPeriodReturn":0.7017543859649122,"level":"info","message":"Holding period calculation","periodEnd":"2023-01-01T00:00:00.000Z","periodStart":"2023-01-01T00:00:00.000Z","startValue":142500,"timestamp":"2025-03-27T02:05:54.674Z"}
{"cashFlow":-15000,"endValue":142500,"holdingPeriodReturn":-0.10526315789473684,"level":"info","message":"Holding period calculation","periodEnd":"2023-01-15T00:00:00.000Z","periodStart":"2023-01-01T00:00:00.000Z","startValue":142500,"timestamp":"2025-03-27T02:05:54.677Z"}
{"cashFlow":-14000,"endValue":142500,"holdingPeriodReturn":-0.09824561403508772,"level":"info","message":"Holding period calculation","periodEnd":"2023-02-01T00:00:00.000Z","periodStart":"2023-01-15T00:00:00.000Z","startValue":142500,"timestamp":"2025-03-27T02:05:54.678Z"}
{"cashFlow":500,"endValue":143500,"holdingPeriodReturn":0.010526315789473684,"level":"info","message":"Holding period calculation","periodEnd":"2023-03-15T00:00:00.000Z","periodStart":"2023-02-01T00:00:00.000Z","startValue":142500,"timestamp":"2025-03-27T02:05:54.680Z"}
{"cashFlow":10000,"endValue":129500,"holdingPeriodReturn":-0.027874564459930314,"level":"info","message":"Holding period calculation","periodEnd":"2023-04-01T00:00:00.000Z","periodStart":"2023-03-15T00:00:00.000Z","startValue":143500,"timestamp":"2025-03-27T02:05:54.685Z"}
{"cashFlow":5000,"endValue":129500,"holdingPeriodReturn":0.03861003861003861,"level":"info","message":"Holding period calculation","periodEnd":"2023-04-01T00:00:00.000Z","periodStart":"2023-04-01T00:00:00.000Z","startValue":129500,"timestamp":"2025-03-27T02:05:54.687Z"}
{"cashFlow":5000,"endValue":125250,"holdingPeriodReturn":0.005791505791505791,"level":"info","message":"Holding period calculation","periodEnd":"2023-05-01T00:00:00.000Z","periodStart":"2023-04-01T00:00:00.000Z","startValue":129500,"timestamp":"2025-03-27T02:05:54.689Z"}
{"cashFlow":3200,"endValue":125150,"holdingPeriodReturn":0.02475049900199601,"level":"info","message":"Holding period calculation","periodEnd":"2023-06-15T00:00:00.000Z","periodStart":"2023-05-01T00:00:00.000Z","startValue":125250,"timestamp":"2025-03-27T02:05:54.692Z"}
{"endValue":125000,"holdingPeriodReturn":-0.0011985617259288853,"level":"info","message":"Final period calculation","periodEnd":"2023-12-31T00:00:00.000Z","periodStart":"2023-06-15T00:00:00.000Z","startValue":125150,"timestamp":"2025-03-27T02:05:54.695Z"}
{"endDate":"2023-12-31T00:00:00.000Z","finalTWR":0.4421424931137541,"level":"info","message":"Time-Weighted Return calculation completed","startDate":"2023-01-01T00:00:00.000Z","timestamp":"2025-03-27T02:05:54.696Z"}
{"clientId":"1743041171629","endDate":"2023-12-31T00:00:00.000Z","level":"info","message":"Starting Time-Weighted Return calculation","startDate":"2023-01-01T00:00:00.000Z","timestamp":"2025-03-27T02:06:11.705Z"}
{"date":"2023-01-01T00:00:00.000Z","level":"info","message":"Initial portfolio value","timestamp":"2025-03-27T02:06:11.707Z","value":142500}
{"cashFlow":100000,"endValue":142500,"holdingPeriodReturn":0.7017543859649122,"level":"info","message":"Holding period calculation","periodEnd":"2023-01-01T00:00:00.000Z","periodStart":"2023-01-01T00:00:00.000Z","startValue":142500,"timestamp":"2025-03-27T02:06:11.707Z"}
{"cashFlow":-15000,"endValue":142500,"holdingPeriodReturn":-0.10526315789473684,"level":"info","message":"Holding period calculation","periodEnd":"2023-01-15T00:00:00.000Z","periodStart":"2023-01-01T00:00:00.000Z","startValue":142500,"timestamp":"2025-03-27T02:06:11.709Z"}
{"cashFlow":-14000,"endValue":142500,"holdingPeriodReturn":-0.09824561403508772,"level":"info","message":"Holding period calculation","periodEnd":"2023-02-01T00:00:00.000Z","periodStart":"2023-01-15T00:00:00.000Z","startValue":142500,"timestamp":"2025-03-27T02:06:11.710Z"}
{"cashFlow":500,"endValue":143500,"holdingPeriodReturn":0.010526315789473684,"level":"info","message":"Holding period calculation","periodEnd":"2023-03-15T00:00:00.000Z","periodStart":"2023-02-01T00:00:00.000Z","startValue":142500,"timestamp":"2025-03-27T02:06:11.711Z"}
{"cashFlow":10000,"endValue":129500,"holdingPeriodReturn":-0.027874564459930314,"level":"info","message":"Holding period calculation","periodEnd":"2023-04-01T00:00:00.000Z","periodStart":"2023-03-15T00:00:00.000Z","startValue":143500,"timestamp":"2025-03-27T02:06:11.713Z"}
{"cashFlow":5000,"endValue":129500,"holdingPeriodReturn":0.03861003861003861,"level":"info","message":"Holding period calculation","periodEnd":"2023-04-01T00:00:00.000Z","periodStart":"2023-04-01T00:00:00.000Z","startValue":129500,"timestamp":"2025-03-27T02:06:11.714Z"}
{"cashFlow":5000,"endValue":125250,"holdingPeriodReturn":0.005791505791505791,"level":"info","message":"Holding period calculation","periodEnd":"2023-05-01T00:00:00.000Z","periodStart":"2023-04-01T00:00:00.000Z","startValue":129500,"timestamp":"2025-03-27T02:06:11.715Z"}
{"cashFlow":3200,"endValue":125150,"holdingPeriodReturn":0.02475049900199601,"level":"info","message":"Holding period calculation","periodEnd":"2023-06-15T00:00:00.000Z","periodStart":"2023-05-01T00:00:00.000Z","startValue":125250,"timestamp":"2025-03-27T02:06:11.716Z"}
{"endValue":125000,"holdingPeriodReturn":-0.0011985617259288853,"level":"info","message":"Final period calculation","periodEnd":"2023-12-31T00:00:00.000Z","periodStart":"2023-06-15T00:00:00.000Z","startValue":125150,"timestamp":"2025-03-27T02:06:11.720Z"}
{"endDate":"2023-12-31T00:00:00.000Z","finalTWR":0.4421424931137541,"level":"info","message":"Time-Weighted Return calculation completed","startDate":"2023-01-01T00:00:00.000Z","timestamp":"2025-03-27T02:06:11.722Z"}
{"clientId":"1743041259671","endDate":"2023-12-31T00:00:00.000Z","level":"info","message":"Starting Time-Weighted Return calculation","startDate":"2023-01-01T00:00:00.000Z","timestamp":"2025-03-27T02:07:39.789Z"}
{"date":"2023-01-01T00:00:00.000Z","level":"info","message":"Initial portfolio value","timestamp":"2025-03-27T02:07:39.798Z","value":142500}
{"cashFlow":100000,"endValue":142500,"holdingPeriodReturn":0.7017543859649122,"level":"info","message":"Holding period calculation","periodEnd":"2023-01-01T00:00:00.000Z","periodStart":"2023-01-01T00:00:00.000Z","startValue":142500,"timestamp":"2025-03-27T02:07:39.799Z"}
{"cashFlow":-15000,"endValue":142500,"holdingPeriodReturn":-0.10526315789473684,"level":"info","message":"Holding period calculation","periodEnd":"2023-01-15T00:00:00.000Z","periodStart":"2023-01-01T00:00:00.000Z","startValue":142500,"timestamp":"2025-03-27T02:07:39.800Z"}
{"cashFlow":-14000,"endValue":142500,"holdingPeriodReturn":-0.09824561403508772,"level":"info","message":"Holding period calculation","periodEnd":"2023-02-01T00:00:00.000Z","periodStart":"2023-01-15T00:00:00.000Z","startValue":142500,"timestamp":"2025-03-27T02:07:39.801Z"}
{"cashFlow":500,"endValue":143500,"holdingPeriodReturn":0.010526315789473684,"level":"info","message":"Holding period calculation","periodEnd":"2023-03-15T00:00:00.000Z","periodStart":"2023-02-01T00:00:00.000Z","startValue":142500,"timestamp":"2025-03-27T02:07:39.802Z"}
{"cashFlow":10000,"endValue":129500,"holdingPeriodReturn":-0.027874564459930314,"level":"info","message":"Holding period calculation","periodEnd":"2023-04-01T00:00:00.000Z","periodStart":"2023-03-15T00:00:00.000Z","startValue":143500,"timestamp":"2025-03-27T02:07:39.805Z"}
{"cashFlow":5000,"endValue":129500,"holdingPeriodReturn":0.03861003861003861,"level":"info","message":"Holding period calculation","periodEnd":"2023-04-01T00:00:00.000Z","periodStart":"2023-04-01T00:00:00.000Z","startValue":129500,"timestamp":"2025-03-27T02:07:39.807Z"}
{"cashFlow":5000,"endValue":125250,"holdingPeriodReturn":0.005791505791505791,"level":"info","message":"Holding period calculation","periodEnd":"2023-05-01T00:00:00.000Z","periodStart":"2023-04-01T00:00:00.000Z","startValue":129500,"timestamp":"2025-03-27T02:07:39.810Z"}
{"cashFlow":3200,"endValue":125150,"holdingPeriodReturn":0.02475049900199601,"level":"info","message":"Holding period calculation","periodEnd":"2023-06-15T00:00:00.000Z","periodStart":"2023-05-01T00:00:00.000Z","startValue":125250,"timestamp":"2025-03-27T02:07:39.811Z"}
{"endValue":125000,"holdingPeriodReturn":-0.0011985617259288853,"level":"info","message":"Final period calculation","periodEnd":"2023-12-31T00:00:00.000Z","periodStart":"2023-06-15T00:00:00.000Z","startValue":125150,"timestamp":"2025-03-27T02:07:39.815Z"}
{"endDate":"2023-12-31T00:00:00.000Z","finalTWR":0.4421424931137541,"level":"info","message":"Time-Weighted Return calculation completed","startDate":"2023-01-01T00:00:00.000Z","timestamp":"2025-03-27T02:07:39.815Z"}
{"clientId":"1743041418309","endDate":"2023-12-31T00:00:00.000Z","level":"info","message":"Starting Time-Weighted Return calculation","startDate":"2023-01-01T00:00:00.000Z","timestamp":"2025-03-27T02:10:18.413Z"}
{"date":"2023-01-01T00:00:00.000Z","level":"info","message":"Initial portfolio value","timestamp":"2025-03-27T02:10:18.415Z","value":142500}
{"cashFlow":100000,"endValue":142500,"holdingPeriodReturn":0.7017543859649122,"level":"info","message":"Holding period calculation","periodEnd":"2023-01-01T00:00:00.000Z","periodStart":"2023-01-01T00:00:00.000Z","startValue":142500,"timestamp":"2025-03-27T02:10:18.415Z"}
{"cashFlow":-15000,"endValue":142500,"holdingPeriodReturn":-0.10526315789473684,"level":"info","message":"Holding period calculation","periodEnd":"2023-01-15T00:00:00.000Z","periodStart":"2023-01-01T00:00:00.000Z","startValue":142500,"timestamp":"2025-03-27T02:10:18.419Z"}
{"cashFlow":-14000,"endValue":142500,"holdingPeriodReturn":-0.09824561403508772,"level":"info","message":"Holding period calculation","periodEnd":"2023-02-01T00:00:00.000Z","periodStart":"2023-01-15T00:00:00.000Z","startValue":142500,"timestamp":"2025-03-27T02:10:18.420Z"}
{"cashFlow":500,"endValue":143500,"holdingPeriodReturn":0.010526315789473684,"level":"info","message":"Holding period calculation","periodEnd":"2023-03-15T00:00:00.000Z","periodStart":"2023-02-01T00:00:00.000Z","startValue":142500,"timestamp":"2025-03-27T02:10:18.421Z"}
{"cashFlow":10000,"endValue":129500,"holdingPeriodReturn":-0.027874564459930314,"level":"info","message":"Holding period calculation","periodEnd":"2023-04-01T00:00:00.000Z","periodStart":"2023-03-15T00:00:00.000Z","startValue":143500,"timestamp":"2025-03-27T02:10:18.422Z"}
{"cashFlow":5000,"endValue":129500,"holdingPeriodReturn":0.03861003861003861,"level":"info","message":"Holding period calculation","periodEnd":"2023-04-01T00:00:00.000Z","periodStart":"2023-04-01T00:00:00.000Z","startValue":129500,"timestamp":"2025-03-27T02:10:18.423Z"}
{"cashFlow":5000,"endValue":125250,"holdingPeriodReturn":0.005791505791505791,"level":"info","message":"Holding period calculation","periodEnd":"2023-05-01T00:00:00.000Z","periodStart":"2023-04-01T00:00:00.000Z","startValue":129500,"timestamp":"2025-03-27T02:10:18.424Z"}
{"cashFlow":3200,"endValue":125150,"holdingPeriodReturn":0.02475049900199601,"level":"info","message":"Holding period calculation","periodEnd":"2023-06-15T00:00:00.000Z","periodStart":"2023-05-01T00:00:00.000Z","startValue":125250,"timestamp":"2025-03-27T02:10:18.427Z"}
{"endValue":125000,"holdingPeriodReturn":-0.0011985617259288853,"level":"info","message":"Final period calculation","periodEnd":"2023-12-31T00:00:00.000Z","periodStart":"2023-06-15T00:00:00.000Z","startValue":125150,"timestamp":"2025-03-27T02:10:18.428Z"}
{"endDate":"2023-12-31T00:00:00.000Z","finalTWR":0.4421424931137541,"level":"info","message":"Time-Weighted Return calculation completed","startDate":"2023-01-01T00:00:00.000Z","timestamp":"2025-03-27T02:10:18.428Z"}
{"clientId":"1743041551582","endDate":"2023-12-31T00:00:00.000Z","level":"info","message":"Starting Time-Weighted Return calculation","startDate":"2023-01-01T00:00:00.000Z","timestamp":"2025-03-27T02:12:31.640Z"}
{"date":"2023-01-01T00:00:00.000Z","level":"info","message":"Initial portfolio value","timestamp":"2025-03-27T02:12:31.640Z","value":202500}
{"cashFlow":150000,"endValue":202500,"holdingPeriodReturn":0.7407407407407407,"level":"info","message":"Holding period calculation","periodEnd":"2023-01-01T00:00:00.000Z","periodStart":"2023-01-01T00:00:00.000Z","startValue":202500,"timestamp":"2025-03-27T02:12:31.641Z"}
{"cashFlow":-23250,"endValue":201750,"holdingPeriodReturn":-0.11851851851851852,"level":"info","message":"Holding period calculation","periodEnd":"2023-01-15T00:00:00.000Z","periodStart":"2023-01-01T00:00:00.000Z","startValue":202500,"timestamp":"2025-03-27T02:12:31.644Z"}
{"cashFlow":-22125,"endValue":202125,"holdingPeriodReturn":-0.10780669144981413,"level":"info","message":"Holding period calculation","periodEnd":"2023-02-01T00:00:00.000Z","periodStart":"2023-01-15T00:00:00.000Z","startValue":201750,"timestamp":"2025-03-27T02:12:31.645Z"}
{"cashFlow":750,"endValue":204000,"holdingPeriodReturn":0.012987012987012988,"level":"info","message":"Holding period calculation","periodEnd":"2023-03-15T00:00:00.000Z","periodStart":"2023-02-01T00:00:00.000Z","startValue":202125,"timestamp":"2025-03-27T02:12:31.646Z"}
{"cashFlow":15000,"endValue":182625,"holdingPeriodReturn":-0.03125,"level":"info","message":"Holding period calculation","periodEnd":"2023-04-01T00:00:00.000Z","periodStart":"2023-03-15T00:00:00.000Z","startValue":204000,"timestamp":"2025-03-27T02:12:31.647Z"}
{"cashFlow":7500,"endValue":182625,"holdingPeriodReturn":0.04106776180698152,"level":"info","message":"Holding period calculation","periodEnd":"2023-04-01T00:00:00.000Z","periodStart":"2023-04-01T00:00:00.000Z","startValue":182625,"timestamp":"2025-03-27T02:12:31.648Z"}
{"cashFlow":7500,"endValue":176250,"holdingPeriodReturn":0.006160164271047228,"level":"info","message":"Holding period calculation","periodEnd":"2023-05-01T00:00:00.000Z","periodStart":"2023-04-01T00:00:00.000Z","startValue":182625,"timestamp":"2025-03-27T02:12:31.649Z"}
{"cashFlow":5250,"endValue":176400,"holdingPeriodReturn":0.030638297872340424,"level":"info","message":"Holding period calculation","periodEnd":"2023-06-15T00:00:00.000Z","periodStart":"2023-05-01T00:00:00.000Z","startValue":176250,"timestamp":"2025-03-27T02:12:31.650Z"}
{"endValue":177375,"holdingPeriodReturn":0.0055272108843537416,"level":"info","message":"Final period calculation","periodEnd":"2023-12-31T00:00:00.000Z","periodStart":"2023-06-15T00:00:00.000Z","startValue":176400,"timestamp":"2025-03-27T02:12:31.653Z"}
{"endDate":"2023-12-31T00:00:00.000Z","finalTWR":0.4583711439032909,"level":"info","message":"Time-Weighted Return calculation completed","startDate":"2023-01-01T00:00:00.000Z","timestamp":"2025-03-27T02:12:31.653Z"}
{"clientId":"1743041591265","endDate":"2023-12-31T00:00:00.000Z","level":"info","message":"Starting Time-Weighted Return calculation","startDate":"2023-01-01T00:00:00.000Z","timestamp":"2025-03-27T02:13:11.354Z"}
{"date":"2023-01-01T00:00:00.000Z","level":"info","message":"Initial portfolio value","timestamp":"2025-03-27T02:13:11.355Z","value":202500}
{"cashFlow":150000,"endValue":202500,"holdingPeriodReturn":0.7407407407407407,"level":"info","message":"Holding period calculation","periodEnd":"2023-01-01T00:00:00.000Z","periodStart":"2023-01-01T00:00:00.000Z","startValue":202500,"timestamp":"2025-03-27T02:13:11.356Z"}
{"cashFlow":-23250,"endValue":201750,"holdingPeriodReturn":-0.11851851851851852,"level":"info","message":"Holding period calculation","periodEnd":"2023-01-15T00:00:00.000Z","periodStart":"2023-01-01T00:00:00.000Z","startValue":202500,"timestamp":"2025-03-27T02:13:11.357Z"}
{"cashFlow":-22125,"endValue":202125,"holdingPeriodReturn":-0.10780669144981413,"level":"info","message":"Holding period calculation","periodEnd":"2023-02-01T00:00:00.000Z","periodStart":"2023-01-15T00:00:00.000Z","startValue":201750,"timestamp":"2025-03-27T02:13:11.358Z"}
{"cashFlow":750,"endValue":204000,"holdingPeriodReturn":0.012987012987012988,"level":"info","message":"Holding period calculation","periodEnd":"2023-03-15T00:00:00.000Z","periodStart":"2023-02-01T00:00:00.000Z","startValue":202125,"timestamp":"2025-03-27T02:13:11.359Z"}
{"cashFlow":15000,"endValue":182625,"holdingPeriodReturn":-0.03125,"level":"info","message":"Holding period calculation","periodEnd":"2023-04-01T00:00:00.000Z","periodStart":"2023-03-15T00:00:00.000Z","startValue":204000,"timestamp":"2025-03-27T02:13:11.360Z"}
{"cashFlow":7500,"endValue":182625,"holdingPeriodReturn":0.04106776180698152,"level":"info","message":"Holding period calculation","periodEnd":"2023-04-01T00:00:00.000Z","periodStart":"2023-04-01T00:00:00.000Z","startValue":182625,"timestamp":"2025-03-27T02:13:11.361Z"}
{"cashFlow":7500,"endValue":176250,"holdingPeriodReturn":0.006160164271047228,"level":"info","message":"Holding period calculation","periodEnd":"2023-05-01T00:00:00.000Z","periodStart":"2023-04-01T00:00:00.000Z","startValue":182625,"timestamp":"2025-03-27T02:13:11.362Z"}
{"cashFlow":5250,"endValue":176400,"holdingPeriodReturn":0.030638297872340424,"level":"info","message":"Holding period calculation","periodEnd":"2023-06-15T00:00:00.000Z","periodStart":"2023-05-01T00:00:00.000Z","startValue":176250,"timestamp":"2025-03-27T02:13:11.364Z"}
{"endValue":177375,"holdingPeriodReturn":0.0055272108843537416,"level":"info","message":"Final period calculation","periodEnd":"2023-12-31T00:00:00.000Z","periodStart":"2023-06-15T00:00:00.000Z","startValue":176400,"timestamp":"2025-03-27T02:13:11.365Z"}
{"endDate":"2023-12-31T00:00:00.000Z","finalTWR":0.4583711439032909,"level":"info","message":"Time-Weighted Return calculation completed","startDate":"2023-01-01T00:00:00.000Z","timestamp":"2025-03-27T02:13:11.367Z"}
